2025-06-12 11:50:28,961 - INFO - Visa automation script started
2025-06-12 11:50:37,697 - INFO - Navigated to login page
2025-06-12 11:50:40,389 - INFO - Cookie banner accepted
2025-06-12 11:50:40,625 - INFO - Username entered successfully
2025-06-12 11:50:41,135 - INFO - Password entered successfully
2025-06-12 11:50:41,135 - INFO - Requesting reCAPTCHA token from anti-captcha service...
2025-06-12 11:50:46,825 - INFO - Token received. Waiting for reCAPTCHA textarea...
2025-06-12 11:50:46,869 - INFO - Injecting reCAPTCHA token into DOM...
2025-06-12 11:50:46,968 - INFO - reCAPTCHA token inserted successfully
2025-06-12 11:50:50,080 - WARNING - Remember me checkbox issue: Message: element not interactable
  (Session info: chrome=137.0.7151.103)
Stacktrace:
	GetHandleVerifier [0x0x7ff767c1fe75+79173]
	GetHandleVerifier [0x0x7ff767c1fed0+79264]
	(No symbol) [0x0x7ff7679d9c8c]
	(No symbol) [0x0x7ff767a31a84]
	(No symbol) [0x0x7ff767a23464]
	(No symbol) [0x0x7ff767a5896a]
	(No symbol) [0x0x7ff767a22d16]
	(No symbol) [0x0x7ff767a58b80]
	(No symbol) [0x0x7ff767a8100d]
	(No symbol) [0x0x7ff767a58743]
	(No symbol) [0x0x7ff767a214c1]
	(No symbol) [0x0x7ff767a22253]
	GetHandleVerifier [0x0x7ff767eea2ad+3004797]
	GetHandleVerifier [0x0x7ff767ee46fd+2981325]
	GetHandleVerifier [0x0x7ff767f03350+3107360]
	GetHandleVerifier [0x0x7ff767c3a9fe+188622]
	GetHandleVerifier [0x0x7ff767c4228f+219487]
	GetHandleVerifier [0x0x7ff767c28dc4+115860]
	GetHandleVerifier [0x0x7ff767c28f79+116297]
	GetHandleVerifier [0x0x7ff767c0f528+11256]
	BaseThreadInitThunk [0x0x7fff5d2be8d7+23]
	RtlUserThreadStart [0x0x7fff5e71c34c+44]

2025-06-12 11:50:52,948 - INFO - Login button clicked, waiting for dashboard...
2025-06-12 11:50:55,218 - INFO - Clicked 'Apply Now' button
2025-06-12 11:50:57,459 - INFO - Clicked 'Standard eVisa' link
2025-06-12 11:50:57,818 - INFO - Nationality selected
2025-06-12 11:50:58,192 - INFO - Passport type selected
2025-06-12 11:50:58,368 - INFO - Moved to Step 2
2025-06-12 11:50:58,549 - INFO - Purpose of visit selected
2025-06-12 11:50:58,594 - INFO - Date of arrival entered
2025-06-12 11:50:58,810 - INFO - Moved to Step 3
2025-06-12 11:50:58,975 - INFO - Surname entered
2025-06-12 11:50:59,117 - INFO - Other name entered
2025-06-12 11:50:59,149 - INFO - DOB entered
2025-06-12 11:50:59,285 - INFO - Country of birth selected
2025-06-12 11:50:59,422 - INFO - Place of birth entered
2025-06-12 11:50:59,562 - INFO - Sex selected
2025-06-12 11:50:59,697 - INFO - Occupation selected
2025-06-12 11:50:59,894 - INFO - Mobile number entered
2025-06-12 11:51:00,142 - INFO - Address entered
2025-06-12 11:51:00,413 - INFO - Email entered
2025-06-12 11:51:00,608 - INFO - Moved to Step 4
2025-06-12 11:51:00,764 - INFO - Passport number entered
2025-06-12 11:51:00,799 - INFO - Passport issue date entered
2025-06-12 11:51:00,850 - INFO - Passport expiry date entered
2025-06-12 11:51:00,956 - INFO - File IRAQ3.jpg dropped successfully
2025-06-12 11:51:01,347 - INFO - Azerbaijan address entered
2025-06-12 11:51:01,417 - INFO - Declaration checkbox clicked
2025-06-12 11:51:04,624 - INFO - Final submit button clicked
2025-06-12 11:51:04,624 - INFO - Visa application completed successfully
