2025-06-12 12:51:57,833 - INFO - Visa automation script started
2025-06-12 12:52:04,063 - INFO - Navigated to login page
2025-06-12 12:52:04,226 - INFO - Cookie banner accepted
2025-06-12 12:52:05,808 - INFO - Username entered successfully
2025-06-12 12:52:05,971 - INFO - Password entered successfully
2025-06-12 12:52:05,971 - INFO - Requesting reCAPTCHA token from anti-captcha service...
2025-06-12 12:52:11,692 - INFO - Token received. Waiting for reCAPTCHA textarea...
2025-06-12 12:52:11,717 - INFO - Injecting reCAPTCHA token into DOM...
2025-06-12 12:52:11,731 - INFO - reCAPTCHA token inserted successfully
2025-06-12 12:52:14,793 - WARNING - Remember me checkbox issue: Message: element not interactable
  (Session info: chrome=137.0.7151.103)
Stacktrace:
	GetHandleVerifier [0x0x7ff63d0efe75+79173]
	GetHandleVerifier [0x0x7ff63d0efed0+79264]
	(No symbol) [0x0x7ff63cea9c8c]
	(No symbol) [0x0x7ff63cf01a84]
	(No symbol) [0x0x7ff63cef3464]
	(No symbol) [0x0x7ff63cf2896a]
	(No symbol) [0x0x7ff63cef2d16]
	(No symbol) [0x0x7ff63cf28b80]
	(No symbol) [0x0x7ff63cf5100d]
	(No symbol) [0x0x7ff63cf28743]
	(No symbol) [0x0x7ff63cef14c1]
	(No symbol) [0x0x7ff63cef2253]
	GetHandleVerifier [0x0x7ff63d3ba2ad+3004797]
	GetHandleVerifier [0x0x7ff63d3b46fd+2981325]
	GetHandleVerifier [0x0x7ff63d3d3350+3107360]
	GetHandleVerifier [0x0x7ff63d10a9fe+188622]
	GetHandleVerifier [0x0x7ff63d11228f+219487]
	GetHandleVerifier [0x0x7ff63d0f8dc4+115860]
	GetHandleVerifier [0x0x7ff63d0f8f79+116297]
	GetHandleVerifier [0x0x7ff63d0df528+11256]
	BaseThreadInitThunk [0x0x7fff5d2be8d7+23]
	RtlUserThreadStart [0x0x7fff5e71c34c+44]

2025-06-12 12:52:16,746 - INFO - Login button clicked, waiting for dashboard...
2025-06-12 12:52:18,324 - INFO - Clicked 'Apply Now' button
2025-06-12 12:52:20,044 - INFO - Clicked 'Standard eVisa' link
2025-06-12 12:52:20,284 - INFO - Nationality selected
2025-06-12 12:52:20,391 - INFO - Passport type selected
2025-06-12 12:52:20,510 - INFO - Moved to Step 2
2025-06-12 12:52:20,622 - INFO - Purpose of visit selected
2025-06-12 12:52:20,673 - INFO - Date of arrival entered
2025-06-12 12:52:20,762 - INFO - Moved to Step 3
2025-06-12 12:52:20,819 - INFO - Surname entered
2025-06-12 12:52:20,881 - INFO - Other name entered
2025-06-12 12:52:20,897 - INFO - DOB entered
2025-06-12 12:52:20,965 - INFO - Country of birth selected
2025-06-12 12:52:21,044 - INFO - Place of birth entered
2025-06-12 12:52:21,108 - INFO - Sex selected
2025-06-12 12:52:21,184 - INFO - Occupation selected
2025-06-12 12:52:21,261 - INFO - Mobile number entered
2025-06-12 12:52:21,355 - INFO - Address entered
2025-06-12 12:52:21,429 - INFO - Email entered
2025-06-12 12:52:21,512 - INFO - Moved to Step 4
2025-06-12 12:52:21,577 - INFO - Passport number entered
2025-06-12 12:52:21,595 - INFO - Passport issue date entered
2025-06-12 12:52:21,611 - INFO - Passport expiry date entered
2025-06-12 12:52:21,679 - INFO - File IRAQ3.jpg dropped successfully
2025-06-12 12:52:21,836 - INFO - Azerbaijan address entered
2025-06-12 12:52:21,868 - INFO - Declaration checkbox clicked
2025-06-12 12:52:24,170 - INFO - Final submit button clicked
2025-06-12 12:52:24,170 - INFO - Visa application completed successfully
